#
# There is insufficient memory for the Java Runtime Environment to continue.
# Native memory allocation (malloc) failed to allocate 32744 bytes for ChunkPool::allocate
# Possible reasons:
#   The system is out of physical RAM or swap space
#   The process is running with CompressedOops enabled, and the Java Heap may be blocking the growth of the native heap
# Possible solutions:
#   Reduce memory load on the system
#   Increase physical memory or swap space
#   Check if swap backing store is full
#   Decrease Java heap size (-Xmx/-Xms)
#   Decrease number of Java threads
#   Decrease Java thread stack sizes (-Xss)
#   Set larger code cache with -XX:ReservedCodeCacheSize=
#   JVM is running with Unscaled Compressed Oops mode in which the Java heap is
#     placed in the first 4GB address space. The Java Heap base address is the
#     maximum limit for the native heap growth. Please use -XX:HeapBaseMinAddress
#     to set the Java Heap base and to place the Java Heap above 4GB virtual address.
# This output file may be truncated or incomplete.
#
#  Out of Memory Error (t:/workspace/open/src/hotspot/share/memory/arena.cpp:82), pid=31292, tid=30244
#
# JRE version: Java(TM) SE Runtime Environment (10.0.2+13) (build 10.0.2+13)
# Java VM: Java HotSpot(TM) 64-Bit Server VM (10.0.2+13, mixed mode, tiered, compressed oops, g1 gc, windows-amd64)
# No core dump will be written. Minidumps are not enabled by default on client versions of Windows
#

---------------  S U M M A R Y ------------

Command Line: -Dfile.encoding=GBK patientmanage

Host: Intel(R) Core(TM) i5-7200U CPU @ 2.50GHz, 4 cores, 7G,  Windows 10 , 64 bit Build 17134 (10.0.17134.1)
Time: Wed Dec 19 16:38:06 2018 ?D1¨²¡À¨º¡Á?¨º¡À?? elapsed time: 0 seconds (0d 0h 0m 0s)

---------------  T H R E A D  ---------------

Current thread (0x00000272b5365000):  JavaThread "C1 CompilerThread2" daemon [_thread_in_native, id=30244, stack(0x000000cc16200000,0x000000cc16300000)]


Current CompileTask:
C1:    578  270       3       jdk.internal.org.objectweb.asm.Frame::execute (2265 bytes)

Stack: [0x000000cc16200000,0x000000cc16300000]
Native frames: (J=compiled Java code, j=interpreted, Vv=VM code, C=native code)
V  [jvm.dll+0x5a01a9]
V  [jvm.dll+0x6bcf31]
V  [jvm.dll+0x6be126]
V  [jvm.dll+0x6be7b3]
V  [jvm.dll+0x234978]
V  [jvm.dll+0xbb8fb]
V  [jvm.dll+0xbb6ea]
V  [jvm.dll+0xbbbac]
V  [jvm.dll+0xbf464]
V  [jvm.dll+0x153518]
V  [jvm.dll+0x1512b3]
V  [jvm.dll+0x148dde]
V  [jvm.dll+0x145cfe]
V  [jvm.dll+0x1325d0]
V  [jvm.dll+0x11afe0]
V  [jvm.dll+0x11ab69]
V  [jvm.dll+0x11acd3]
V  [jvm.dll+0x11a003]
V  [jvm.dll+0x11bba7]
V  [jvm.dll+0x20c8dd]
V  [jvm.dll+0x20b6a6]
V  [jvm.dll+0x68b7ff]
V  [jvm.dll+0x59f4b0]
C  [msvcr120.dll+0x24f7f]
C  [msvcr120.dll+0x25126]
C  [KERNEL32.DLL+0x13034]
C  [ntdll.dll+0x73691]


---------------  P R O C E S S  ---------------

Threads class SMR info:
_java_thread_list=0x00000272b53b7c90, length=11, elements={
0x00000272972aa800, 0x00000272b4a67000, 0x00000272b4a71000, 0x00000272b4a89000,
0x00000272b4a8c000, 0x00000272b534a800, 0x00000272b5350800, 0x00000272b5365000,
0x00000272b53b4800, 0x00000272b549b800, 0x00000272b54a0000
}

Java Threads: ( => current thread )
  0x00000272972aa800 JavaThread "main" [_thread_in_vm, id=10908, stack(0x000000cc14f00000,0x000000cc15000000)]
  0x00000272b4a67000 JavaThread "Reference Handler" daemon [_thread_blocked, id=10468, stack(0x000000cc15c00000,0x000000cc15d00000)]
  0x00000272b4a71000 JavaThread "Finalizer" daemon [_thread_blocked, id=33688, stack(0x000000cc15d00000,0x000000cc15e00000)]
  0x00000272b4a89000 JavaThread "Signal Dispatcher" daemon [_thread_blocked, id=32112, stack(0x000000cc15e00000,0x000000cc15f00000)]
  0x00000272b4a8c000 JavaThread "Attach Listener" daemon [_thread_blocked, id=20948, stack(0x000000cc15f00000,0x000000cc16000000)]
  0x00000272b534a800 JavaThread "C2 CompilerThread0" daemon [_thread_in_native, id=1996, stack(0x000000cc16000000,0x000000cc16100000)]
  0x00000272b5350800 JavaThread "C2 CompilerThread1" daemon [_thread_blocked, id=31900, stack(0x000000cc16100000,0x000000cc16200000)]
=>0x00000272b5365000 JavaThread "C1 CompilerThread2" daemon [_thread_in_native, id=30244, stack(0x000000cc16200000,0x000000cc16300000)]
  0x00000272b53b4800 JavaThread "Sweeper thread" daemon [_thread_blocked, id=32576, stack(0x000000cc16300000,0x000000cc16400000)]
  0x00000272b549b800 JavaThread "Service Thread" daemon [_thread_blocked, id=36068, stack(0x000000cc16400000,0x000000cc16500000)]
  0x00000272b54a0000 JavaThread "Common-Cleaner" daemon [_thread_blocked, id=31004, stack(0x000000cc16500000,0x000000cc16600000)]

Other Threads:
  0x00000272b4a65800 VMThread "VM Thread" [stack: 0x000000cc15b00000,0x000000cc15c00000] [id=32796]
  0x00000272b5457800 WatcherThread [stack: 0x000000cc16600000,0x000000cc16700000] [id=33672]
  0x00000272972c8000 GCTaskThread "GC Thread#0" [stack: 0x000000cc15000000,0x000000cc15100000] [id=14616]
  0x00000272972c9800 GCTaskThread "GC Thread#1" [stack: 0x000000cc15100000,0x000000cc15200000] [id=8120]
  0x00000272972cb800 GCTaskThread "GC Thread#2" [stack: 0x000000cc15200000,0x000000cc15300000] [id=5424]
  0x00000272972d5000 GCTaskThread "GC Thread#3" [stack: 0x000000cc15300000,0x000000cc15400000] [id=35168]
  0x0000027297343000 ConcurrentGCThread "G1 Main Marker" [stack: 0x000000cc15400000,0x000000cc15500000] [id=8872]
  0x0000027297346000 ConcurrentGCThread "G1 Conc#0" [stack: 0x000000cc15500000,0x000000cc15600000] [id=20568]
  0x00000272b48ec800 ConcurrentGCThread "G1 Refine#0" [stack: 0x000000cc15600000,0x000000cc15700000] [id=27996]
  0x00000272b48ed000 ConcurrentGCThread "G1 Refine#1" [stack: 0x000000cc15700000,0x000000cc15800000] [id=3140]
  0x00000272b48ee000 ConcurrentGCThread "G1 Refine#2" [stack: 0x000000cc15800000,0x000000cc15900000] [id=21804]
  0x00000272b48ef000 ConcurrentGCThread "G1 Refine#3" [stack: 0x000000cc15900000,0x000000cc15a00000] [id=31172]
  0x00000272b48f2000 ConcurrentGCThread "G1 Young RemSet Sampling" [stack: 0x000000cc15a00000,0x000000cc15b00000] [id=7960]

Threads with active compile tasks:
C2 CompilerThread0 278       4       java.lang.StringLatin1::indexOf (61 bytes)
C1 CompilerThread2 270       3       jdk.internal.org.objectweb.asm.Frame::execute (2265 bytes)

VM state:not at safepoint (normal execution)

VM Mutex/Monitor currently owned by a thread: None

Heap address: 0x0000000081c00000, size: 2020 MB, Compressed Oops mode: 32-bit
Narrow klass base: 0x0000000000000000, Narrow klass shift: 3
Compressed class space size: 1073741824 Address: 0x0000000100000000

Heap:
 garbage-first heap   total 131072K, used 3072K [0x0000000081c00000, 0x0000000100000000)
  region size 1024K, 4 young (4096K), 0 survivors (0K)
 Metaspace       used 6547K, capacity 6651K, committed 6912K, reserved 1056768K
  class space    used 643K, capacity 699K, committed 768K, reserved 1048576K
Heap Regions: E=young(eden), S=young(survivor), O=old, HS=humongous(starts), HC=humongous(continues), CS=collection set, F=free, A=archive, TS=gc time stamp, AC=allocation context, TAMS=top-at-mark-start (previous, next)
|   0|0x0000000081c00000, 0x0000000081c00000, 0x0000000081d00000|  0%| F|  |TS  0|AC  0|TAMS 0x0000000081c00000, 0x0000000081c00000|
|   1|0x0000000081d00000, 0x0000000081d00000, 0x0000000081e00000|  0%| F|  |TS  0|AC  0|TAMS 0x0000000081d00000, 0x0000000081d00000|
|   2|0x0000000081e00000, 0x0000000081e00000, 0x0000000081f00000|  0%| F|  |TS  0|AC  0|TAMS 0x0000000081e00000, 0x0000000081e00000|
|   3|0x0000000081f00000, 0x0000000081f00000, 0x0000000082000000|  0%| F|  |TS  0|AC  0|TAMS 0x0000000081f00000, 0x0000000081f00000|
|   4|0x0000000082000000, 0x0000000082000000, 0x0000000082100000|  0%| F|  |TS  0|AC  0|TAMS 0x0000000082000000, 0x0000000082000000|
|   5|0x0000000082100000, 0x0000000082100000, 0x0000000082200000|  0%| F|  |TS  0|AC  0|TAMS 0x0000000082100000, 0x0000000082100000|
|   6|0x0000000082200000, 0x0000000082200000, 0x0000000082300000|  0%| F|  |TS  0|AC  0|TAMS 0x0000000082200000, 0x0000000082200000|
|   7|0x0000000082300000, 0x0000000082300000, 0x0000000082400000|  0%| F|  |TS  0|AC  0|TAMS 0x0000000082300000, 0x0000000082300000|
|   8|0x0000000082400000, 0x0000000082400000, 0x0000000082500000|  0%| F|  |TS  0|AC  0|TAMS 0x0000000082400000, 0x0000000082400000|
|   9|0x0000000082500000, 0x0000000082500000, 0x0000000082600000|  0%| F|  |TS  0|AC  0|TAMS 0x0000000082500000, 0x0000000082500000|
|  10|0x0000000082600000, 0x0000000082600000, 0x0000000082700000|  0%| F|  |TS  0|AC  0|TAMS 0x0000000082600000, 0x0000000082600000|
|  11|0x0000000082700000, 0x0000000082700000, 0x0000000082800000|  0%| F|  |TS  0|AC  0|TAMS 0x0000000082700000, 0x0000000082700000|
|  12|0x0000000082800000, 0x0000000082800000, 0x0000000082900000|  0%| F|  |TS  0|AC  0|TAMS 0x0000000082800000, 0x0000000082800000|
|  13|0x0000000082900000, 0x0000000082900000, 0x0000000082a00000|  0%| F|  |TS  0|AC  0|TAMS 0x0000000082900000, 0x0000000082900000|
|  14|0x0000000082a00000, 0x0000000082a00000, 0x0000000082b00000|  0%| F|  |TS  0|AC  0|TAMS 0x0000000082a00000, 0x0000000082a00000|
|  15|0x0000000082b00000, 0x0000000082b00000, 0x0000000082c00000|  0%| F|  |TS  0|AC  0|TAMS 0x0000000082b00000, 0x0000000082b00000|
|  16|0x0000000082c00000, 0x0000000082c00000, 0x0000000082d00000|  0%| F|  |TS  0|AC  0|TAMS 0x0000000082c00000, 0x0000000082c00000|
|  17|0x0000000082d00000, 0x0000000082d00000, 0x0000000082e00000|  0%| F|  |TS  0|AC  0|TAMS 0x0000000082d00000, 0x0000000082d00000|
|  18|0x0000000082e00000, 0x0000000082e00000, 0x0000000082f00000|  0%| F|  |TS  0|AC  0|TAMS 0x0000000082e00000, 0x0000000082e00000|
|  19|0x0000000082f00000, 0x0000000082f00000, 0x0000000083000000|  0%| F|  |TS  0|AC  0|TAMS 0x0000000082f00000, 0x0000000082f00000|
|  20|0x0000000083000000, 0x0000000083000000, 0x0000000083100000|  0%| F|  |TS  0|AC  0|TAMS 0x0000000083000000, 0x0000000083000000|
|  21|0x0000000083100000, 0x0000000083100000, 0x0000000083200000|  0%| F|  |TS  0|AC  0|TAMS 0x0000000083100000, 0x0000000083100000|
|  22|0x0000000083200000, 0x0000000083200000, 0x0000000083300000|  0%| F|  |TS  0|AC  0|TAMS 0x0000000083200000, 0x0000000083200000|
|  23|0x0000000083300000, 0x0000000083300000, 0x0000000083400000|  0%| F|  |TS  0|AC  0|TAMS 0x0000000083300000, 0x0000000083300000|
|  24|0x0000000083400000, 0x0000000083400000, 0x0000000083500000|  0%| F|  |TS  0|AC  0|TAMS 0x0000000083400000, 0x0000000083400000|
|  25|0x0000000083500000, 0x0000000083500000, 0x0000000083600000|  0%| F|  |TS  0|AC  0|TAMS 0x0000000083500000, 0x0000000083500000|
|  26|0x0000000083600000, 0x0000000083600000, 0x0000000083700000|  0%| F|  |TS  0|AC  0|TAMS 0x0000000083600000, 0x0000000083600000|
|  27|0x0000000083700000, 0x0000000083700000, 0x0000000083800000|  0%| F|  |TS  0|AC  0|TAMS 0x0000000083700000, 0x0000000083700000|
|  28|0x0000000083800000, 0x0000000083800000, 0x0000000083900000|  0%| F|  |TS  0|AC  0|TAMS 0x0000000083800000, 0x0000000083800000|
|  29|0x0000000083900000, 0x0000000083900000, 0x0000000083a00000|  0%| F|  |TS  0|AC  0|TAMS 0x0000000083900000, 0x0000000083900000|
|  30|0x0000000083a00000, 0x0000000083a00000, 0x0000000083b00000|  0%| F|  |TS  0|AC  0|TAMS 0x0000000083a00000, 0x0000000083a00000|
|  31|0x0000000083b00000, 0x0000000083b00000, 0x0000000083c00000|  0%| F|  |TS  0|AC  0|TAMS 0x0000000083b00000, 0x0000000083b00000|
|  32|0x0000000083c00000, 0x0000000083c00000, 0x0000000083d00000|  0%| F|  |TS  0|AC  0|TAMS 0x0000000083c00000, 0x0000000083c00000|
|  33|0x0000000083d00000, 0x0000000083d00000, 0x0000000083e00000|  0%| F|  |TS  0|AC  0|TAMS 0x0000000083d00000, 0x0000000083d00000|
|  34|0x0000000083e00000, 0x0000000083e00000, 0x0000000083f00000|  0%| F|  |TS  0|AC  0|TAMS 0x0000000083e00000, 0x0000000083e00000|
|  35|0x0000000083f00000, 0x0000000083f00000, 0x0000000084000000|  0%| F|  |TS  0|AC  0|TAMS 0x0000000083f00000, 0x0000000083f00000|
|  36|0x0000000084000000, 0x0000000084000000, 0x0000000084100000|  0%| F|  |TS  0|AC  0|TAMS 0x0000000084000000, 0x0000000084000000|
|  37|0x0000000084100000, 0x0000000084100000, 0x0000000084200000|  0%| F|  |TS  0|AC  0|TAMS 0x0000000084100000, 0x0000000084100000|
|  38|0x0000000084200000, 0x0000000084200000, 0x0000000084300000|  0%| F|  |TS  0|AC  0|TAMS 0x0000000084200000, 0x0000000084200000|
|  39|0x0000000084300000, 0x0000000084300000, 0x0000000084400000|  0%| F|  |TS  0|AC  0|TAMS 0x0000000084300000, 0x0000000084300000|
|  40|0x0000000084400000, 0x0000000084400000, 0x0000000084500000|  0%| F|  |TS  0|AC  0|TAMS 0x0000000084400000, 0x0000000084400000|
|  41|0x0000000084500000, 0x0000000084500000, 0x0000000084600000|  0%| F|  |TS  0|AC  0|TAMS 0x0000000084500000, 0x0000000084500000|
|  42|0x0000000084600000, 0x0000000084600000, 0x0000000084700000|  0%| F|  |TS  0|AC  0|TAMS 0x0000000084600000, 0x0000000084600000|
|  43|0x0000000084700000, 0x0000000084700000, 0x0000000084800000|  0%| F|  |TS  0|AC  0|TAMS 0x0000000084700000, 0x0000000084700000|
|  44|0x0000000084800000, 0x0000000084800000, 0x0000000084900000|  0%| F|  |TS  0|AC  0|TAMS 0x0000000084800000, 0x0000000084800000|
|  45|0x0000000084900000, 0x0000000084900000, 0x0000000084a00000|  0%| F|  |TS  0|AC  0|TAMS 0x0000000084900000, 0x0000000084900000|
|  46|0x0000000084a00000, 0x0000000084a00000, 0x0000000084b00000|  0%| F|  |TS  0|AC  0|TAMS 0x0000000084a00000, 0x0000000084a00000|
|  47|0x0000000084b00000, 0x0000000084b00000, 0x0000000084c00000|  0%| F|  |TS  0|AC  0|TAMS 0x0000000084b00000, 0x0000000084b00000|
|  48|0x0000000084c00000, 0x0000000084c00000, 0x0000000084d00000|  0%| F|  |TS  0|AC  0|TAMS 0x0000000084c00000, 0x0000000084c00000|
|  49|0x0000000084d00000, 0x0000000084d00000, 0x0000000084e00000|  0%| F|  |TS  0|AC  0|TAMS 0x0000000084d00000, 0x0000000084d00000|
|  50|0x0000000084e00000, 0x0000000084e00000, 0x0000000084f00000|  0%| F|  |TS  0|AC  0|TAMS 0x0000000084e00000, 0x0000000084e00000|
|  51|0x0000000084f00000, 0x0000000084f00000, 0x0000000085000000|  0%| F|  |TS  0|AC  0|TAMS 0x0000000084f00000, 0x0000000084f00000|
|  52|0x0000000085000000, 0x0000000085000000, 0x0000000085100000|  0%| F|  |TS  0|AC  0|TAMS 0x0000000085000000, 0x0000000085000000|
|  53|0x0000000085100000, 0x0000000085100000, 0x0000000085200000|  0%| F|  |TS  0|AC  0|TAMS 0x0000000085100000, 0x0000000085100000|
|  54|0x0000000085200000, 0x0000000085200000, 0x0000000085300000|  0%| F|  |TS  0|AC  0|TAMS 0x0000000085200000, 0x0000000085200000|
|  55|0x0000000085300000, 0x0000000085300000, 0x0000000085400000|  0%| F|  |TS  0|AC  0|TAMS 0x0000000085300000, 0x0000000085300000|
|  56|0x0000000085400000, 0x0000000085400000, 0x0000000085500000|  0%| F|  |TS  0|AC  0|TAMS 0x0000000085400000, 0x0000000085400000|
|  57|0x0000000085500000, 0x0000000085500000, 0x0000000085600000|  0%| F|  |TS  0|AC  0|TAMS 0x0000000085500000, 0x0000000085500000|
|  58|0x0000000085600000, 0x0000000085600000, 0x0000000085700000|  0%| F|  |TS  0|AC  0|TAMS 0x0000000085600000, 0x0000000085600000|
|  59|0x0000000085700000, 0x0000000085700000, 0x0000000085800000|  0%| F|  |TS  0|AC  0|TAMS 0x0000000085700000, 0x0000000085700000|
|  60|0x0000000085800000, 0x0000000085800000, 0x0000000085900000|  0%| F|  |TS  0|AC  0|TAMS 0x0000000085800000, 0x0000000085800000|
|  61|0x0000000085900000, 0x0000000085900000, 0x0000000085a00000|  0%| F|  |TS  0|AC  0|TAMS 0x0000000085900000, 0x0000000085900000|
|  62|0x0000000085a00000, 0x0000000085a00000, 0x0000000085b00000|  0%| F|  |TS  0|AC  0|TAMS 0x0000000085a00000, 0x0000000085a00000|
|  63|0x0000000085b00000, 0x0000000085b00000, 0x0000000085c00000|  0%| F|  |TS  0|AC  0|TAMS 0x0000000085b00000, 0x0000000085b00000|
|  64|0x0000000085c00000, 0x0000000085c00000, 0x0000000085d00000|  0%| F|  |TS  0|AC  0|TAMS 0x0000000085c00000, 0x0000000085c00000|
|  65|0x0000000085d00000, 0x0000000085d00000, 0x0000000085e00000|  0%| F|  |TS  0|AC  0|TAMS 0x0000000085d00000, 0x0000000085d00000|
|  66|0x0000000085e00000, 0x0000000085e00000, 0x0000000085f00000|  0%| F|  |TS  0|AC  0|TAMS 0x0000000085e00000, 0x0000000085e00000|
|  67|0x0000000085f00000, 0x0000000085f00000, 0x0000000086000000|  0%| F|  |TS  0|AC  0|TAMS 0x0000000085f00000, 0x0000000085f00000|
|  68|0x0000000086000000, 0x0000000086000000, 0x0000000086100000|  0%| F|  |TS  0|AC  0|TAMS 0x0000000086000000, 0x0000000086000000|
|  69|0x0000000086100000, 0x0000000086100000, 0x0000000086200000|  0%| F|  |TS  0|AC  0|TAMS 0x0000000086100000, 0x0000000086100000|
|  70|0x0000000086200000, 0x0000000086200000, 0x0000000086300000|  0%| F|  |TS  0|AC  0|TAMS 0x0000000086200000, 0x0000000086200000|
|  71|0x0000000086300000, 0x0000000086300000, 0x0000000086400000|  0%| F|  |TS  0|AC  0|TAMS 0x0000000086300000, 0x0000000086300000|
|  72|0x0000000086400000, 0x0000000086400000, 0x0000000086500000|  0%| F|  |TS  0|AC  0|TAMS 0x0000000086400000, 0x0000000086400000|
|  73|0x0000000086500000, 0x0000000086500000, 0x0000000086600000|  0%| F|  |TS  0|AC  0|TAMS 0x0000000086500000, 0x0000000086500000|
|  74|0x0000000086600000, 0x0000000086600000, 0x0000000086700000|  0%| F|  |TS  0|AC  0|TAMS 0x0000000086600000, 0x0000000086600000|
|  75|0x0000000086700000, 0x0000000086700000, 0x0000000086800000|  0%| F|  |TS  0|AC  0|TAMS 0x0000000086700000, 0x0000000086700000|
|  76|0x0000000086800000, 0x0000000086800000, 0x0000000086900000|  0%| F|  |TS  0|AC  0|TAMS 0x0000000086800000, 0x0000000086800000|
|  77|0x0000000086900000, 0x0000000086900000, 0x0000000086a00000|  0%| F|  |TS  0|AC  0|TAMS 0x0000000086900000, 0x0000000086900000|
|  78|0x0000000086a00000, 0x0000000086a00000, 0x0000000086b00000|  0%| F|  |TS  0|AC  0|TAMS 0x0000000086a00000, 0x0000000086a00000|
|  79|0x0000000086b00000, 0x0000000086b00000, 0x0000000086c00000|  0%| F|  |TS  0|AC  0|TAMS 0x0000000086b00000, 0x0000000086b00000|
|  80|0x0000000086c00000, 0x0000000086c00000, 0x0000000086d00000|  0%| F|  |TS  0|AC  0|TAMS 0x0000000086c00000, 0x0000000086c00000|
|  81|0x0000000086d00000, 0x0000000086d00000, 0x0000000086e00000|  0%| F|  |TS  0|AC  0|TAMS 0x0000000086d00000, 0x0000000086d00000|
|  82|0x0000000086e00000, 0x0000000086e00000, 0x0000000086f00000|  0%| F|  |TS  0|AC  0|TAMS 0x0000000086e00000, 0x0000000086e00000|
|  83|0x0000000086f00000, 0x0000000086f00000, 0x0000000087000000|  0%| F|  |TS  0|AC  0|TAMS 0x0000000086f00000, 0x0000000086f00000|
|  84|0x0000000087000000, 0x0000000087000000, 0x0000000087100000|  0%| F|  |TS  0|AC  0|TAMS 0x0000000087000000, 0x0000000087000000|
|  85|0x0000000087100000, 0x0000000087100000, 0x0000000087200000|  0%| F|  |TS  0|AC  0|TAMS 0x0000000087100000, 0x0000000087100000|
|  86|0x0000000087200000, 0x0000000087200000, 0x0000000087300000|  0%| F|  |TS  0|AC  0|TAMS 0x0000000087200000, 0x0000000087200000|
|  87|0x0000000087300000, 0x0000000087300000, 0x0000000087400000|  0%| F|  |TS  0|AC  0|TAMS 0x0000000087300000, 0x0000000087300000|
|  88|0x0000000087400000, 0x0000000087400000, 0x0000000087500000|  0%| F|  |TS  0|AC  0|TAMS 0x0000000087400000, 0x0000000087400000|
|  89|0x0000000087500000, 0x0000000087500000, 0x0000000087600000|  0%| F|  |TS  0|AC  0|TAMS 0x0000000087500000, 0x0000000087500000|
|  90|0x0000000087600000, 0x0000000087600000, 0x0000000087700000|  0%| F|  |TS  0|AC  0|TAMS 0x0000000087600000, 0x0000000087600000|
|  91|0x0000000087700000, 0x0000000087700000, 0x0000000087800000|  0%| F|  |TS  0|AC  0|TAMS 0x0000000087700000, 0x0000000087700000|
|  92|0x0000000087800000, 0x0000000087800000, 0x0000000087900000|  0%| F|  |TS  0|AC  0|TAMS 0x0000000087800000, 0x0000000087800000|
|  93|0x0000000087900000, 0x0000000087900000, 0x0000000087a00000|  0%| F|  |TS  0|AC  0|TAMS 0x0000000087900000, 0x0000000087900000|
|  94|0x0000000087a00000, 0x0000000087a00000, 0x0000000087b00000|  0%| F|  |TS  0|AC  0|TAMS 0x0000000087a00000, 0x0000000087a00000|
|  95|0x0000000087b00000, 0x0000000087b00000, 0x0000000087c00000|  0%| F|  |TS  0|AC  0|TAMS 0x0000000087b00000, 0x0000000087b00000|
|  96|0x0000000087c00000, 0x0000000087c00000, 0x0000000087d00000|  0%| F|  |TS  0|AC  0|TAMS 0x0000000087c00000, 0x0000000087c00000|
|  97|0x0000000087d00000, 0x0000000087d00000, 0x0000000087e00000|  0%| F|  |TS  0|AC  0|TAMS 0x0000000087d00000, 0x0000000087d00000|
|  98|0x0000000087e00000, 0x0000000087e00000, 0x0000000087f00000|  0%| F|  |TS  0|AC  0|TAMS 0x0000000087e00000, 0x0000000087e00000|
|  99|0x0000000087f00000, 0x0000000087f00000, 0x0000000088000000|  0%| F|  |TS  0|AC  0|TAMS 0x0000000087f00000, 0x0000000087f00000|
| 100|0x0000000088000000, 0x0000000088000000, 0x0000000088100000|  0%| F|  |TS  0|AC  0|TAMS 0x0000000088000000, 0x0000000088000000|
| 101|0x0000000088100000, 0x0000000088100000, 0x0000000088200000|  0%| F|  |TS  0|AC  0|TAMS 0x0000000088100000, 0x0000000088100000|
| 102|0x0000000088200000, 0x0000000088200000, 0x0000000088300000|  0%| F|  |TS  0|AC  0|TAMS 0x0000000088200000, 0x0000000088200000|
| 103|0x0000000088300000, 0x0000000088300000, 0x0000000088400000|  0%| F|  |TS  0|AC  0|TAMS 0x0000000088300000, 0x0000000088300000|
| 104|0x0000000088400000, 0x0000000088400000, 0x0000000088500000|  0%| F|  |TS  0|AC  0|TAMS 0x0000000088400000, 0x0000000088400000|
| 105|0x0000000088500000, 0x0000000088500000, 0x0000000088600000|  0%| F|  |TS  0|AC  0|TAMS 0x0000000088500000, 0x0000000088500000|
| 106|0x0000000088600000, 0x0000000088600000, 0x0000000088700000|  0%| F|  |TS  0|AC  0|TAMS 0x0000000088600000, 0x0000000088600000|
| 107|0x0000000088700000, 0x0000000088700000, 0x0000000088800000|  0%| F|  |TS  0|AC  0|TAMS 0x0000000088700000, 0x0000000088700000|
| 108|0x0000000088800000, 0x0000000088800000, 0x0000000088900000|  0%| F|  |TS  0|AC  0|TAMS 0x0000000088800000, 0x0000000088800000|
| 109|0x0000000088900000, 0x0000000088900000, 0x0000000088a00000|  0%| F|  |TS  0|AC  0|TAMS 0x0000000088900000, 0x0000000088900000|
| 110|0x0000000088a00000, 0x0000000088a00000, 0x0000000088b00000|  0%| F|  |TS  0|AC  0|TAMS 0x0000000088a00000, 0x0000000088a00000|
| 111|0x0000000088b00000, 0x0000000088b00000, 0x0000000088c00000|  0%| F|  |TS  0|AC  0|TAMS 0x0000000088b00000, 0x0000000088b00000|
| 112|0x0000000088c00000, 0x0000000088c00000, 0x0000000088d00000|  0%| F|  |TS  0|AC  0|TAMS 0x0000000088c00000, 0x0000000088c00000|
| 113|0x0000000088d00000, 0x0000000088d00000, 0x0000000088e00000|  0%| F|  |TS  0|AC  0|TAMS 0x0000000088d00000, 0x0000000088d00000|
| 114|0x0000000088e00000, 0x0000000088e00000, 0x0000000088f00000|  0%| F|  |TS  0|AC  0|TAMS 0x0000000088e00000, 0x0000000088e00000|
| 115|0x0000000088f00000, 0x0000000088f00000, 0x0000000089000000|  0%| F|  |TS  0|AC  0|TAMS 0x0000000088f00000, 0x0000000088f00000|
| 116|0x0000000089000000, 0x0000000089000000, 0x0000000089100000|  0%| F|  |TS  0|AC  0|TAMS 0x0000000089000000, 0x0000000089000000|
| 117|0x0000000089100000, 0x0000000089100000, 0x0000000089200000|  0%| F|  |TS  0|AC  0|TAMS 0x0000000089100000, 0x0000000089100000|
| 118|0x0000000089200000, 0x0000000089200000, 0x0000000089300000|  0%| F|  |TS  0|AC  0|TAMS 0x0000000089200000, 0x0000000089200000|
| 119|0x0000000089300000, 0x0000000089300000, 0x0000000089400000|  0%| F|  |TS  0|AC  0|TAMS 0x0000000089300000, 0x0000000089300000|
| 120|0x0000000089400000, 0x0000000089400000, 0x0000000089500000|  0%| F|  |TS  0|AC  0|TAMS 0x0000000089400000, 0x0000000089400000|
| 121|0x0000000089500000, 0x0000000089500000, 0x0000000089600000|  0%| F|  |TS  0|AC  0|TAMS 0x0000000089500000, 0x0000000089500000|
| 122|0x0000000089600000, 0x0000000089600000, 0x0000000089700000|  0%| F|  |TS  0|AC  0|TAMS 0x0000000089600000, 0x0000000089600000|
| 123|0x0000000089700000, 0x0000000089700000, 0x0000000089800000|  0%| F|  |TS  0|AC  0|TAMS 0x0000000089700000, 0x0000000089700000|
| 124|0x0000000089800000, 0x0000000089848308, 0x0000000089900000| 28%| E|  |TS  0|AC  0|TAMS 0x0000000089800000, 0x0000000089800000|
| 125|0x0000000089900000, 0x0000000089a00000, 0x0000000089a00000|100%| E|CS|TS  0|AC  0|TAMS 0x0000000089900000, 0x0000000089900000|
| 126|0x0000000089a00000, 0x0000000089b00000, 0x0000000089b00000|100%| E|CS|TS  0|AC  0|TAMS 0x0000000089a00000, 0x0000000089a00000|
| 127|0x0000000089b00000, 0x0000000089c00000, 0x0000000089c00000|100%| E|CS|TS  0|AC  0|TAMS 0x0000000089b00000, 0x0000000089b00000|

Card table byte_map: [0x00000272ade50000,0x00000272ae250000] byte_map_base: 0x00000272ada42000

Marking Bits (Prev, Next): (CMBitMap*) 0x0000027297342310, (CMBitMap*) 0x0000027297342348
 Prev Bits: [0x00000272ae650000, 0x00000272b05e0000)
 Next Bits: [0x00000272b05e0000, 0x00000272b2570000)

Polling page: 0x0000027294d40000

CodeHeap 'non-profiled nmethods': size=120064Kb used=74Kb max_used=74Kb free=119989Kb
 bounds [0x00000272a6510000, 0x00000272a6780000, 0x00000272ada50000]
CodeHeap 'profiled nmethods': size=120000Kb used=360Kb max_used=360Kb free=119639Kb
 bounds [0x000002729efe0000, 0x000002729f250000, 0x00000272a6510000]
CodeHeap 'non-nmethods': size=5696Kb used=1057Kb max_used=1057Kb free=4638Kb
 bounds [0x000002729ea50000, 0x000002729ecc0000, 0x000002729efe0000]
 total_blobs=687 nmethods=273 adapters=257
 compilation: enabled

Compilation events (10 events):
Event: 0.520 Thread 0x00000272b5365000  261       3       jdk.internal.org.objectweb.asm.Item::isEqualTo (354 bytes)
Event: 0.521 Thread 0x00000272b5365000 nmethod 261 0x000002729f036510 code [0x000002729f036780, 0x000002729f037010]
Event: 0.521 Thread 0x00000272b5365000  262       3       java.util.AbstractList$Itr::hasNext (20 bytes)
Event: 0.522 Thread 0x00000272b5365000 nmethod 262 0x000002729f037390 code [0x000002729f037560, 0x000002729f0377f0]
Event: 0.522 Thread 0x00000272b5365000  263       3       sun.invoke.util.VerifyAccess::isTypeVisible (118 bytes)
Event: 0.524 Thread 0x00000272b5365000 nmethod 263 0x000002729f037890 code [0x000002729f037c20, 0x000002729f039650]
Event: 0.524 Thread 0x00000272b5365000  265       3       java.lang.invoke.MemberName::isStatic (8 bytes)
Event: 0.524 Thread 0x00000272b5365000 nmethod 265 0x000002729f039e10 code [0x000002729f039fc0, 0x000002729f03a1d8]
Event: 0.524 Thread 0x00000272b5365000  270       3       jdk.internal.org.objectweb.asm.Frame::execute (2265 bytes)
Event: 0.527 Thread 0x00000272b534a800  278       4       java.lang.StringLatin1::indexOf (61 bytes)

GC Heap History (0 events):
No events

Deoptimization events (1 events):
Event: 0.287 Thread 0x00000272972aa800 Uncommon trap: reason=unstable_if action=reinterpret pc=0x00000272a6513a70 method=java.lang.String.hashCode()I @ 14 c2

Classes redefined (0 events):
No events

Internal exceptions (1 events):
Event: 0.478 Thread 0x00000272972aa800 Exception <a 'java/lang/ClassNotFoundException'{0x00000000899a43d8}: sun/awt/resources/spi/awtProvider> (0x00000000899a43d8) thrown at [t:/workspace/open/src/hotspot/share/classfile/systemDictionary.cpp, line 233]

Events (10 events):
Event: 0.510 loading class java/lang/ClassValue$Version
Event: 0.511 loading class java/lang/ClassValue$Version done
Event: 0.511 loading class java/lang/invoke/StringConcatFactory$Stringifiers$StringifierAny
Event: 0.511 loading class java/lang/invoke/StringConcatFactory$Stringifiers$StringifierAny done
Event: 0.511 loading class java/lang/ClassValue$ClassValueMap
Event: 0.511 loading class java/lang/ClassValue$ClassValueMap done
Event: 0.519 loading class java/lang/invoke/BoundMethodHandle$Species_LLLLL
Event: 0.521 loading class java/lang/invoke/BoundMethodHandle$Species_LLLLL done
Event: 0.526 loading class java/lang/invoke/BoundMethodHandle$Species_LLLLLL
Event: 0.526 loading class java/lang/invoke/BoundMethodHandle$Species_LLLLLL done


Dynamic libraries:
0x00007ff674d60000 - 0x00007ff674d9e000 	D:\Java\bin\javaw.exe
0x00007ffcbf6c0000 - 0x00007ffcbf8a1000 	C:\WINDOWS\SYSTEM32\ntdll.dll
0x00007ffcbdbe0000 - 0x00007ffcbdc92000 	C:\WINDOWS\System32\KERNEL32.DLL
0x00007ffcbbee0000 - 0x00007ffcbc153000 	C:\WINDOWS\System32\KERNELBASE.dll
0x00007ffcbda00000 - 0x00007ffcbdaa1000 	C:\WINDOWS\System32\ADVAPI32.dll
0x00007ffcbdca0000 - 0x00007ffcbdd3e000 	C:\WINDOWS\System32\msvcrt.dll
0x00007ffcbf330000 - 0x00007ffcbf38b000 	C:\WINDOWS\System32\sechost.dll
0x00007ffcbdab0000 - 0x00007ffcbdbd4000 	C:\WINDOWS\System32\RPCRT4.dll
0x00007ffcbcce0000 - 0x00007ffcbce70000 	C:\WINDOWS\System32\USER32.dll
0x00007ffcbba90000 - 0x00007ffcbbab0000 	C:\WINDOWS\System32\win32u.dll
0x00007ffcbccb0000 - 0x00007ffcbccd8000 	C:\WINDOWS\System32\GDI32.dll
0x00007ffcbbd40000 - 0x00007ffcbbed2000 	C:\WINDOWS\System32\gdi32full.dll
0x00007ffcbbab0000 - 0x00007ffcbbb4f000 	C:\WINDOWS\System32\msvcp_win.dll
0x00007ffcbc1b0000 - 0x00007ffcbc2aa000 	C:\WINDOWS\System32\ucrtbase.dll
0x00007ffcb2e70000 - 0x00007ffcb30d9000 	C:\WINDOWS\WinSxS\amd64_microsoft.windows.common-controls_6595b64144ccf1df_6.0.17134.471_none_fb3e9aab3068fc16\COMCTL32.dll
0x00007ffcb7020000 - 0x00007ffcb702a000 	C:\WINDOWS\SYSTEM32\VERSION.dll
0x00007ffcbcf00000 - 0x00007ffcbd222000 	C:\WINDOWS\System32\combase.dll
0x00007ffcbcad0000 - 0x00007ffcbcb4a000 	C:\WINDOWS\System32\bcryptPrimitives.dll
0x00007ffcbd2b0000 - 0x00007ffcbd2dd000 	C:\WINDOWS\System32\IMM32.DLL
0x00007ffcbb960000 - 0x00007ffcbb9ce000 	C:\WINDOWS\System32\dtrampo.dll
0x00007ffc8dcf0000 - 0x00007ffc8dddf000 	D:\Java\bin\msvcr120.dll
0x00007ffc8e7e0000 - 0x00007ffc8e886000 	D:\Java\bin\msvcp120.dll
0x0000000057440000 - 0x0000000057eb0000 	D:\Java\bin\server\jvm.dll
0x00007ffcbd5a0000 - 0x00007ffcbd5a8000 	C:\WINDOWS\System32\PSAPI.DLL
0x00007ffca7350000 - 0x00007ffca7359000 	C:\WINDOWS\SYSTEM32\WSOCK32.dll
0x00007ffcbd3b0000 - 0x00007ffcbd41c000 	C:\WINDOWS\System32\WS2_32.dll
0x00007ffcb5160000 - 0x00007ffcb5183000 	C:\WINDOWS\SYSTEM32\WINMM.dll
0x00007ffcb5130000 - 0x00007ffcb515a000 	C:\WINDOWS\SYSTEM32\WINMMBASE.dll
0x00007ffcbc160000 - 0x00007ffcbc1a9000 	C:\WINDOWS\System32\cfgmgr32.dll
0x00007ffcb6340000 - 0x00007ffcb634f000 	D:\Java\bin\verify.dll
0x00007ffcba370000 - 0x00007ffcba539000 	C:\WINDOWS\SYSTEM32\DBGHELP.DLL
0x00007ffca5c20000 - 0x00007ffca5c49000 	C:\WINDOWS\SYSTEM32\dbgcore.DLL
0x00007ffc98180000 - 0x00007ffc981a7000 	D:\Java\bin\java.dll
0x00007ffc98160000 - 0x00007ffc98176000 	D:\Java\bin\zip.dll
0x00007ffcb6290000 - 0x00007ffcb629a000 	D:\Java\bin\jimage.dll
0x00007ffcbdd40000 - 0x00007ffcbf180000 	C:\WINDOWS\System32\SHELL32.dll
0x00007ffcbf390000 - 0x00007ffcbf439000 	C:\WINDOWS\System32\shcore.dll
0x00007ffcbc3c0000 - 0x00007ffcbcacd000 	C:\WINDOWS\System32\windows.storage.dll
0x00007ffcbcbf0000 - 0x00007ffcbcc41000 	C:\WINDOWS\System32\shlwapi.dll
0x00007ffcbba00000 - 0x00007ffcbba11000 	C:\WINDOWS\System32\kernel.appcore.dll
0x00007ffcbba20000 - 0x00007ffcbba3f000 	C:\WINDOWS\System32\profapi.dll
0x00007ffcbba40000 - 0x00007ffcbba8c000 	C:\WINDOWS\System32\powrprof.dll
0x00007ffcbb9f0000 - 0x00007ffcbb9fa000 	C:\WINDOWS\System32\FLTLIB.DLL
0x00007ffc97460000 - 0x00007ffc9747a000 	D:\Java\bin\net.dll
0x00007ffcaebb0000 - 0x00007ffcaec8d000 	C:\WINDOWS\SYSTEM32\WINHTTP.dll
0x00007ffcbb1e0000 - 0x00007ffcbb246000 	C:\WINDOWS\system32\mswsock.dll
0x00007ffc91960000 - 0x00007ffc91971000 	D:\Java\bin\nio.dll
0x00007ffc8d440000 - 0x00007ffc8d5db000 	D:\Java\bin\awt.dll
0x00007ffcbd2e0000 - 0x00007ffcbd3a2000 	C:\WINDOWS\System32\OLEAUT32.dll
0x00007ffcb83b0000 - 0x00007ffcb8977000 	C:\WINDOWS\SYSTEM32\d2d1.dll
0x00007ffcb9030000 - 0x00007ffcb90bb000 	C:\WINDOWS\SYSTEM32\apphelp.dll

dbghelp: loaded successfully - version: 4.0.5 - missing functions: none
symbol engine: initialized successfully - sym options: 0x614 - pdb path: .;D:\Java\bin;C:\WINDOWS\SYSTEM32;C:\WINDOWS\WinSxS\amd64_microsoft.windows.common-controls_6595b64144ccf1df_6.0.17134.471_none_fb3e9aab3068fc16;D:\Java\bin\server

VM Arguments:
jvm_args: -Dfile.encoding=GBK 
java_command: patientmanage
java_class_path (initial): D:\personal\Eclipse\eclipse-workspace\sdfsdf\bin;D:\personal\Eclipse\eclipse-workspace\sdfsdf\lib\mysql-connector-java-5.1.8-bin.jar;D:\personal\Eclipse\eclipse-workspace\sdfsdf\lib\SwingSets3(BeautyEyeLNFDemo).jar
Launcher Type: SUN_STANDARD

Logging:
Log output configuration:
#0: stdout all=warning uptime,level,tags
#1: stderr all=off uptime,level,tags

Environment Variables:
CLASSPATH=.;
PATH=C:\Program Files (x86)\Common Files\Oracle\Java\javapath;C:\Program Files (x86)\Common Files\Intel\Shared Libraries\redist\intel64\compiler;C:\Program Files (x86)\Intel\iCLS Client\;C:\Program Files\Intel\iCLS Client\;C:\Windows\system32;C:\Windows;C:\Windows\System32\Wbem;C:\Windows\System32\WindowsPowerShell\v1.0\;C:\Program Files (x86)\Intel\Intel(R) Management Engine Components\DAL;C:\Program Files\Intel\Intel(R) Management Engine Components\DAL;C:\Program Files (x86)\Intel\Intel(R) Management Engine Components\IPT;C:\Program Files\Intel\Intel(R) Management Engine Components\IPT;C:\Program Files (x86)\NVIDIA Corporation\PhysX\Common;C:\Program Files (x86)\Windows Kits\8.1\Windows Performance Toolkit\;C:\Program Files\Microsoft SQL Server\130\Tools\Binn\;C:\Program Files\Git\cmd;D:\personal\matlab\2016b\runtime\win64;D:\personal\matlab\2016b\bin;D:\personal\matlab\2016b\polyspace\bin;C:\WINDOWS\system32;C:\WINDOWS;C:\WINDOWS\System32\Wbem;C:\WINDOWS\System32\WindowsPowerShell\v1.0\;C:\WINDOWS\System32\OpenSSH\;D:\mysql-8.0.12\bin;D:\java SE\bin;D:\personal\Quicktime\QTSystem\;C:\Program Files\Intel\WiFi\bin\;C:\Program Files\Common Files\Intel\WirelessCommon\;D:\personal\Brackets\command;C:\Program Files\Microsoft\Web Platform Installer\;C:\Users\hua\AppData\Local\Programs\Python\Python36\Scripts\;C:\Users\hua\AppData\Local\Programs\Python\Python36\;C:\Users\hua\AppData\Local\Microsoft\WindowsApps;
USERNAME=hua
OS=Windows_NT
PROCESSOR_IDENTIFIER=Intel64 Family 6 Model 142 Stepping 9, GenuineIntel



---------------  S Y S T E M  ---------------

OS: Windows 10 , 64 bit Build 17134 (10.0.17134.1)

CPU:total 4 (initial active 4) (2 cores per cpu, 2 threads per core) family 6 model 142 stepping 9, cmov, cx8, fxsr, mmx, sse, sse2, sse3, ssse3, sse4.1, sse4.2, popcnt, avx, avx2, aes, clmul, erms, 3dnowpref, lzcnt, ht, tsc, tscinvbit, bmi1, bmi2, adx, fma

Memory: 4k page, physical 8268812k(733644k free), swap 23798792k(4028k free)

vm_info: Java HotSpot(TM) 64-Bit Server VM (10.0.2+13) for windows-amd64 JRE (10.0.2+13), built on Jun 28 2018 01:57:56 by "mach5one" with MS VC++ 12.0 (VS2013)

END.
